#
# A fatal error has been detected by the Java Runtime Environment:
#
#  EXCEPTION_ACCESS_VIOLATION (0xc0000005) at pc=0x00007ffa90693cb0, pid=10600, tid=3656
#
# JRE version: Java(TM) SE Runtime Environment (13.0.2+8) (build 13.0.2+8)
# Java VM: Java HotSpot(TM) 64-Bit Server VM (13.0.2+8, mixed mode, sharing, tiered, compressed oops, g1 gc, windows-amd64)
# Problematic frame:
# V  [jvm.dll+0x103cb0]
#
# No core dump will be written. Minidumps are not enabled by default on client versions of Windows
#
# If you would like to submit a bug report, please visit:
#   http://bugreport.java.com/bugreport/crash.jsp
#

---------------  S U M M A R Y ------------

Command Line: -Dfile.encoding=Cp1252 teste2.Main

Host: Intel(R) Core(TM) i7-7700HQ CPU @ 2.80GHz, 8 cores, 15G,  Windows 10 , 64 bit Build 18362 (10.0.18362.959)
Time: Sat Aug 15 18:35:12 2020 Hora oficial do Brasil elapsed time: 0 seconds (0d 0h 0m 0s)

---------------  T H R E A D  ---------------

Current thread (0x0000017d9d80f800):  JavaThread "main" [_thread_in_vm, id=3656, stack(0x0000005eff200000,0x0000005eff300000)]

Stack: [0x0000005eff200000,0x0000005eff300000],  sp=0x0000005eff2ff2d8,  free space=1020k
Native frames: (J=compiled Java code, j=interpreted, Vv=VM code, C=native code)
V  [jvm.dll+0x103cb0]

Java frames: (J=compiled Java code, j=interpreted, Vv=VM code)
j  com.fazecast.jSerialComm.SerialPort.readBytes(J[BJJ)I+0
j  com.fazecast.jSerialComm.SerialPort.readBytes([BJ)I+8
j  teste2.Arduino.ler()V+25
j  teste2.Arduino.<init>()V+5
j  teste2.Main.main([Ljava/lang/String;)V+3
v  ~StubRoutines::call_stub

siginfo: EXCEPTION_ACCESS_VIOLATION (0xc0000005), reading address 0x0000000000000000


Register to memory mapping:

RIP=0x00007ffa90693cb0 jvm.dll
RAX=0x0 is NULL
RBX=0x0000017d9d80f800 is a thread
RCX=0x0 is NULL
RDX=0x0000000000000006 is an unknown value
RSP=0x0000005eff2ff2d8 is pointing into the stack for thread: 0x0000017d9d80f800
RBP=0x0 is NULL
RSI=0x0000017d9d80f800 is a thread
RDI=0x0 is NULL
R8 =0x0 is NULL
R9 =0x0 is NULL
R10=0x0 is NULL
R11=0x0000000000000246 is an unknown value
R12=0x0 is NULL
R13={method} {0x0000017dc1823a98} 'readBytes' '(J[BJJ)I' in 'com/fazecast/jSerialComm/SerialPort'
R14=0x0 is NULL
R15=0x0 is NULL


Registers:
RAX=0x0000000000000000, RBX=0x0000017d9d80f800, RCX=0x0000000000000000, RDX=0x0000000000000006
RSP=0x0000005eff2ff2d8, RBP=0x0000000000000000, RSI=0x0000017d9d80f800, RDI=0x0000000000000000
R8 =0x0000000000000000, R9 =0x0000000000000000, R10=0x0000000000000000, R11=0x0000000000000246
R12=0x0000000000000000, R13=0x0000017dc1823a90, R14=0x0000000000000000, R15=0x0000000000000000
RIP=0x00007ffa90693cb0, EFLAGS=0x0000000000010246

Top of Stack: (sp=0x0000005eff2ff2d8)
0x0000005eff2ff2d8:   00007ffa90955c4d 0000017d9d80f800
0x0000005eff2ff2e8:   0000017d9d80fb10 0000005eff2ff4f8
0x0000005eff2ff2f8:   0000000000000404 0000017d9d80f800
0x0000005eff2ff308:   0000000000000000 0000000000000000
0x0000005eff2ff318:   0000017dc1823a90 0000000000000000
0x0000005eff2ff328:   0000017d9d823550 0000000000000000
0x0000005eff2ff338:   00007ffae2662fc5 00000000000003fc
0x0000005eff2ff348:   0000000000000001 0000005eff2ff4f8
0x0000005eff2ff358:   0000017d9d80fb10 0000017d9d823550
0x0000005eff2ff368:   0000005eff2ff4f8 0000000000000000
0x0000005eff2ff378:   0000000000000000 0000000000000000
0x0000005eff2ff388:   0000000000000000 0000000000000404
0x0000005eff2ff398:   00000000a5d6f880 0000017d00000000
0x0000005eff2ff3a8:   000073600c2695b1 0000017da5d19d50
0x0000005eff2ff3b8:   0000005eff2ff4f8 0000017d9d80f800
0x0000005eff2ff3c8:   0000017da5d19d50 0000000000000000 

Instructions: (pc=0x00007ffa90693cb0)
0x00007ffa90693bb0:   48 8b ce 48 85 c0 74 03 48 8b 08 e8 b0 49 28 00
0x00007ffa90693bc0:   48 8b 44 24 48 48 85 c0 74 03 48 8b 30 33 d2 48
0x00007ffa90693bd0:   89 b7 e8 02 00 00 48 8b cf e8 f2 ba 62 00 48 8b
0x00007ffa90693be0:   cf e8 5a 3b 63 00 48 85 db 74 08 48 8b cb e8 6d
0x00007ffa90693bf0:   6d 4f 00 48 8d 4c 24 58 e8 13 96 1c 00 48 8b 8c
0x00007ffa90693c00:   24 80 00 00 00 48 33 cc e8 53 c6 69 00 4c 8d 9c
0x00007ffa90693c10:   24 90 00 00 00 49 8b 5b 18 49 8b 73 20 49 8b e3
0x00007ffa90693c20:   5f c3 cc cc cc cc cc cc cc cc cc cc cc cc cc cc
0x00007ffa90693c30:   48 89 4c 24 08 48 89 54 24 10 4c 89 44 24 18 4c
0x00007ffa90693c40:   89 4c 24 20 48 83 ec 28 4c 8b c1 4c 8d 4c 24 38
0x00007ffa90693c50:   48 8d 0d 69 e3 94 00 ba 02 00 00 00 e8 df ec 42
0x00007ffa90693c60:   00 48 83 c4 28 c3 cc cc cc cc cc cc cc cc cc cc
0x00007ffa90693c70:   48 89 4c 24 08 48 89 54 24 10 4c 89 44 24 18 4c
0x00007ffa90693c80:   89 4c 24 20 48 83 ec 28 4c 8b c1 4c 8d 4c 24 38
0x00007ffa90693c90:   48 8d 0d 29 e3 94 00 ba 05 00 00 00 e8 9f ec 42
0x00007ffa90693ca0:   00 48 83 c4 28 c3 cc cc cc cc cc cc cc cc cc cc
0x00007ffa90693cb0:   48 8b 01 c3 cc cc cc cc cc cc cc cc cc cc cc cc
0x00007ffa90693cc0:   48 89 5c 24 08 48 89 74 24 10 57 48 83 ec 20 48
0x00007ffa90693cd0:   8b f9 48 8b 9f d0 00 00 00 48 85 db 74 08 48 8b
0x00007ffa90693ce0:   cb e8 1a 6b 4f 00 8b b7 d8 00 00 00 c1 ee 1d 40
0x00007ffa90693cf0:   80 e6 01 75 07 40 88 b7 a4 03 00 00 48 85 db 74
0x00007ffa90693d00:   08 48 8b cb e8 57 6c 4f 00 40 84 f6 74 11 48 8b
0x00007ffa90693d10:   cf e8 8a fd 62 00 c6 87 a4 03 00 00 01 eb b3 48
0x00007ffa90693d20:   8b 5c 24 30 48 8b 74 24 38 48 83 c4 20 5f c3 cc
0x00007ffa90693d30:   4c 8b dc 53 56 48 81 ec a8 00 00 00 48 8b 05 35
0x00007ffa90693d40:   5d 92 00 48 33 c4 48 89 44 24 78 65 48 8b 04 25
0x00007ffa90693d50:   58 00 00 00 8b da 8b 15 38 1a 9c 00 49 89 6b 20
0x00007ffa90693d60:   4d 89 63 e0 4d 89 6b d8 4d 8b e8 48 8b 04 d0 4d
0x00007ffa90693d70:   89 73 d0 4c 8b f1 be 08 00 00 00 4d 89 7b c8 48
0x00007ffa90693d80:   8b 34 06 48 8b d6 48 8d 8e f0 02 00 00 e8 ee 0e
0x00007ffa90693d90:   1d 00 c7 86 88 03 00 00 07 00 00 00 e8 af 2d 51
0x00007ffa90693da0:   00 83 3d 58 0d 99 00 01 75 0e 48 8b 86 08 01 00 


Stack slot to memory mapping:
stack at sp + 0 slots: 0x00007ffa90955c4d jvm.dll
stack at sp + 1 slots: 0x0000017d9d80f800 is a thread
stack at sp + 2 slots: 0x0000017d9d80fb10 points into unknown readable memory: 50 73 f8 90 fa 7f 00 00
stack at sp + 3 slots: 0x0000005eff2ff4f8 is pointing into the stack for thread: 0x0000017d9d80f800
stack at sp + 4 slots: 0x0000000000000404 is an unknown value
stack at sp + 5 slots: 0x0000017d9d80f800 is a thread
stack at sp + 6 slots: 0x0 is NULL
stack at sp + 7 slots: 0x0 is NULL


---------------  P R O C E S S  ---------------

Threads class SMR info:
_java_thread_list=0x0000017dc1e4af10, length=10, elements={
0x0000017d9d80f800, 0x0000017dc13f7000, 0x0000017dc13f8800, 0x0000017dc1c9c800,
0x0000017dc1c9d800, 0x0000017dc1c9e800, 0x0000017dc1ca4000, 0x0000017dc1cad000,
0x0000017dc1e25000, 0x0000017dc1e64000
}

Java Threads: ( => current thread )
=>0x0000017d9d80f800 JavaThread "main" [_thread_in_vm, id=3656, stack(0x0000005eff200000,0x0000005eff300000)]
  0x0000017dc13f7000 JavaThread "Reference Handler" daemon [_thread_blocked, id=4140, stack(0x0000005eff900000,0x0000005effa00000)]
  0x0000017dc13f8800 JavaThread "Finalizer" daemon [_thread_blocked, id=8608, stack(0x0000005effa00000,0x0000005effb00000)]
  0x0000017dc1c9c800 JavaThread "Signal Dispatcher" daemon [_thread_blocked, id=9776, stack(0x0000005effb00000,0x0000005effc00000)]
  0x0000017dc1c9d800 JavaThread "Attach Listener" daemon [_thread_blocked, id=7896, stack(0x0000005effc00000,0x0000005effd00000)]
  0x0000017dc1c9e800 JavaThread "C2 CompilerThread0" daemon [_thread_blocked, id=9636, stack(0x0000005effd00000,0x0000005effe00000)]
  0x0000017dc1ca4000 JavaThread "C1 CompilerThread0" daemon [_thread_blocked, id=5448, stack(0x0000005effe00000,0x0000005efff00000)]
  0x0000017dc1cad000 JavaThread "Sweeper thread" daemon [_thread_blocked, id=2840, stack(0x0000005efff00000,0x0000005f00000000)]
  0x0000017dc1e25000 JavaThread "Service Thread" daemon [_thread_blocked, id=3764, stack(0x0000005e80000000,0x0000005e80100000)]
  0x0000017dc1e64000 JavaThread "Common-Cleaner" daemon [_thread_blocked, id=3956, stack(0x0000005e80200000,0x0000005e80300000)]

Other Threads:
  0x0000017dc13f3800 VMThread "VM Thread" [stack: 0x0000005eff800000,0x0000005eff900000] [id=13732]
  0x0000017dc1e5e800 WatcherThread [stack: 0x0000005e80100000,0x0000005e80200000] [id=10944]
  0x0000017d9d87b800 GCTaskThread "GC Thread#0" [stack: 0x0000005eff300000,0x0000005eff400000] [id=9872]
  0x0000017d9d89d800 ConcurrentGCThread "G1 Main Marker" [stack: 0x0000005eff400000,0x0000005eff500000] [id=2812]
  0x0000017d9d89e800 ConcurrentGCThread "G1 Conc#0" [stack: 0x0000005eff500000,0x0000005eff600000] [id=14624]
  0x0000017dc12f3000 ConcurrentGCThread "G1 Refine#0" [stack: 0x0000005eff600000,0x0000005eff700000] [id=12452]
  0x0000017dc12f4000 ConcurrentGCThread "G1 Young RemSet Sampling" [stack: 0x0000005eff700000,0x0000005eff800000] [id=1880]

Threads with active compile tasks:

VM state:not at safepoint (normal execution)

VM Mutex/Monitor currently owned by a thread: None

Heap address: 0x0000000701c00000, size: 4068 MB, Compressed Oops mode: Zero based, Oop shift amount: 3
Narrow klass base: 0x0000000800000000, Narrow klass shift: 3
Compressed class space size: 1073741824 Address: 0x0000000800b40000

Heap:
 garbage-first heap   total 262144K, used 1024K [0x0000000701c00000, 0x0000000800000000)
  region size 1024K, 2 young (2048K), 0 survivors (0K)
 Metaspace       used 442K, capacity 4554K, committed 4864K, reserved 1056768K
  class space    used 28K, capacity 390K, committed 512K, reserved 1048576K
Heap Regions: E=young(eden), S=young(survivor), O=old, HS=humongous(starts), HC=humongous(continues), CS=collection set, F=free, A=archive, TAMS=top-at-mark-start (previous, next)
|   0|0x0000000701c00000, 0x0000000701c00000, 0x0000000701d00000|  0%| F|  |TAMS 0x0000000701c00000, 0x0000000701c00000| Untracked 
|   1|0x0000000701d00000, 0x0000000701d00000, 0x0000000701e00000|  0%| F|  |TAMS 0x0000000701d00000, 0x0000000701d00000| Untracked 
|   2|0x0000000701e00000, 0x0000000701e00000, 0x0000000701f00000|  0%| F|  |TAMS 0x0000000701e00000, 0x0000000701e00000| Untracked 
|   3|0x0000000701f00000, 0x0000000701f00000, 0x0000000702000000|  0%| F|  |TAMS 0x0000000701f00000, 0x0000000701f00000| Untracked 
|   4|0x0000000702000000, 0x0000000702000000, 0x0000000702100000|  0%| F|  |TAMS 0x0000000702000000, 0x0000000702000000| Untracked 
|   5|0x0000000702100000, 0x0000000702100000, 0x0000000702200000|  0%| F|  |TAMS 0x0000000702100000, 0x0000000702100000| Untracked 
|   6|0x0000000702200000, 0x0000000702200000, 0x0000000702300000|  0%| F|  |TAMS 0x0000000702200000, 0x0000000702200000| Untracked 
|   7|0x0000000702300000, 0x0000000702300000, 0x0000000702400000|  0%| F|  |TAMS 0x0000000702300000, 0x0000000702300000| Untracked 
|   8|0x0000000702400000, 0x0000000702400000, 0x0000000702500000|  0%| F|  |TAMS 0x0000000702400000, 0x0000000702400000| Untracked 
|   9|0x0000000702500000, 0x0000000702500000, 0x0000000702600000|  0%| F|  |TAMS 0x0000000702500000, 0x0000000702500000| Untracked 
|  10|0x0000000702600000, 0x0000000702600000, 0x0000000702700000|  0%| F|  |TAMS 0x0000000702600000, 0x0000000702600000| Untracked 
|  11|0x0000000702700000, 0x0000000702700000, 0x0000000702800000|  0%| F|  |TAMS 0x0000000702700000, 0x0000000702700000| Untracked 
|  12|0x0000000702800000, 0x0000000702800000, 0x0000000702900000|  0%| F|  |TAMS 0x0000000702800000, 0x0000000702800000| Untracked 
|  13|0x0000000702900000, 0x0000000702900000, 0x0000000702a00000|  0%| F|  |TAMS 0x0000000702900000, 0x0000000702900000| Untracked 
|  14|0x0000000702a00000, 0x0000000702a00000, 0x0000000702b00000|  0%| F|  |TAMS 0x0000000702a00000, 0x0000000702a00000| Untracked 
|  15|0x0000000702b00000, 0x0000000702b00000, 0x0000000702c00000|  0%| F|  |TAMS 0x0000000702b00000, 0x0000000702b00000| Untracked 
|  16|0x0000000702c00000, 0x0000000702c00000, 0x0000000702d00000|  0%| F|  |TAMS 0x0000000702c00000, 0x0000000702c00000| Untracked 
|  17|0x0000000702d00000, 0x0000000702d00000, 0x0000000702e00000|  0%| F|  |TAMS 0x0000000702d00000, 0x0000000702d00000| Untracked 
|  18|0x0000000702e00000, 0x0000000702e00000, 0x0000000702f00000|  0%| F|  |TAMS 0x0000000702e00000, 0x0000000702e00000| Untracked 
|  19|0x0000000702f00000, 0x0000000702f00000, 0x0000000703000000|  0%| F|  |TAMS 0x0000000702f00000, 0x0000000702f00000| Untracked 
|  20|0x0000000703000000, 0x0000000703000000, 0x0000000703100000|  0%| F|  |TAMS 0x0000000703000000, 0x0000000703000000| Untracked 
|  21|0x0000000703100000, 0x0000000703100000, 0x0000000703200000|  0%| F|  |TAMS 0x0000000703100000, 0x0000000703100000| Untracked 
|  22|0x0000000703200000, 0x0000000703200000, 0x0000000703300000|  0%| F|  |TAMS 0x0000000703200000, 0x0000000703200000| Untracked 
|  23|0x0000000703300000, 0x0000000703300000, 0x0000000703400000|  0%| F|  |TAMS 0x0000000703300000, 0x0000000703300000| Untracked 
|  24|0x0000000703400000, 0x0000000703400000, 0x0000000703500000|  0%| F|  |TAMS 0x0000000703400000, 0x0000000703400000| Untracked 
|  25|0x0000000703500000, 0x0000000703500000, 0x0000000703600000|  0%| F|  |TAMS 0x0000000703500000, 0x0000000703500000| Untracked 
|  26|0x0000000703600000, 0x0000000703600000, 0x0000000703700000|  0%| F|  |TAMS 0x0000000703600000, 0x0000000703600000| Untracked 
|  27|0x0000000703700000, 0x0000000703700000, 0x0000000703800000|  0%| F|  |TAMS 0x0000000703700000, 0x0000000703700000| Untracked 
|  28|0x0000000703800000, 0x0000000703800000, 0x0000000703900000|  0%| F|  |TAMS 0x0000000703800000, 0x0000000703800000| Untracked 
|  29|0x0000000703900000, 0x0000000703900000, 0x0000000703a00000|  0%| F|  |TAMS 0x0000000703900000, 0x0000000703900000| Untracked 
|  30|0x0000000703a00000, 0x0000000703a00000, 0x0000000703b00000|  0%| F|  |TAMS 0x0000000703a00000, 0x0000000703a00000| Untracked 
|  31|0x0000000703b00000, 0x0000000703b00000, 0x0000000703c00000|  0%| F|  |TAMS 0x0000000703b00000, 0x0000000703b00000| Untracked 
|  32|0x0000000703c00000, 0x0000000703c00000, 0x0000000703d00000|  0%| F|  |TAMS 0x0000000703c00000, 0x0000000703c00000| Untracked 
|  33|0x0000000703d00000, 0x0000000703d00000, 0x0000000703e00000|  0%| F|  |TAMS 0x0000000703d00000, 0x0000000703d00000| Untracked 
|  34|0x0000000703e00000, 0x0000000703e00000, 0x0000000703f00000|  0%| F|  |TAMS 0x0000000703e00000, 0x0000000703e00000| Untracked 
|  35|0x0000000703f00000, 0x0000000703f00000, 0x0000000704000000|  0%| F|  |TAMS 0x0000000703f00000, 0x0000000703f00000| Untracked 
|  36|0x0000000704000000, 0x0000000704000000, 0x0000000704100000|  0%| F|  |TAMS 0x0000000704000000, 0x0000000704000000| Untracked 
|  37|0x0000000704100000, 0x0000000704100000, 0x0000000704200000|  0%| F|  |TAMS 0x0000000704100000, 0x0000000704100000| Untracked 
|  38|0x0000000704200000, 0x0000000704200000, 0x0000000704300000|  0%| F|  |TAMS 0x0000000704200000, 0x0000000704200000| Untracked 
|  39|0x0000000704300000, 0x0000000704300000, 0x0000000704400000|  0%| F|  |TAMS 0x0000000704300000, 0x0000000704300000| Untracked 
|  40|0x0000000704400000, 0x0000000704400000, 0x0000000704500000|  0%| F|  |TAMS 0x0000000704400000, 0x0000000704400000| Untracked 
|  41|0x0000000704500000, 0x0000000704500000, 0x0000000704600000|  0%| F|  |TAMS 0x0000000704500000, 0x0000000704500000| Untracked 
|  42|0x0000000704600000, 0x0000000704600000, 0x0000000704700000|  0%| F|  |TAMS 0x0000000704600000, 0x0000000704600000| Untracked 
|  43|0x0000000704700000, 0x0000000704700000, 0x0000000704800000|  0%| F|  |TAMS 0x0000000704700000, 0x0000000704700000| Untracked 
|  44|0x0000000704800000, 0x0000000704800000, 0x0000000704900000|  0%| F|  |TAMS 0x0000000704800000, 0x0000000704800000| Untracked 
|  45|0x0000000704900000, 0x0000000704900000, 0x0000000704a00000|  0%| F|  |TAMS 0x0000000704900000, 0x0000000704900000| Untracked 
|  46|0x0000000704a00000, 0x0000000704a00000, 0x0000000704b00000|  0%| F|  |TAMS 0x0000000704a00000, 0x0000000704a00000| Untracked 
|  47|0x0000000704b00000, 0x0000000704b00000, 0x0000000704c00000|  0%| F|  |TAMS 0x0000000704b00000, 0x0000000704b00000| Untracked 
|  48|0x0000000704c00000, 0x0000000704c00000, 0x0000000704d00000|  0%| F|  |TAMS 0x0000000704c00000, 0x0000000704c00000| Untracked 
|  49|0x0000000704d00000, 0x0000000704d00000, 0x0000000704e00000|  0%| F|  |TAMS 0x0000000704d00000, 0x0000000704d00000| Untracked 
|  50|0x0000000704e00000, 0x0000000704e00000, 0x0000000704f00000|  0%| F|  |TAMS 0x0000000704e00000, 0x0000000704e00000| Untracked 
|  51|0x0000000704f00000, 0x0000000704f00000, 0x0000000705000000|  0%| F|  |TAMS 0x0000000704f00000, 0x0000000704f00000| Untracked 
|  52|0x0000000705000000, 0x0000000705000000, 0x0000000705100000|  0%| F|  |TAMS 0x0000000705000000, 0x0000000705000000| Untracked 
|  53|0x0000000705100000, 0x0000000705100000, 0x0000000705200000|  0%| F|  |TAMS 0x0000000705100000, 0x0000000705100000| Untracked 
|  54|0x0000000705200000, 0x0000000705200000, 0x0000000705300000|  0%| F|  |TAMS 0x0000000705200000, 0x0000000705200000| Untracked 
|  55|0x0000000705300000, 0x0000000705300000, 0x0000000705400000|  0%| F|  |TAMS 0x0000000705300000, 0x0000000705300000| Untracked 
|  56|0x0000000705400000, 0x0000000705400000, 0x0000000705500000|  0%| F|  |TAMS 0x0000000705400000, 0x0000000705400000| Untracked 
|  57|0x0000000705500000, 0x0000000705500000, 0x0000000705600000|  0%| F|  |TAMS 0x0000000705500000, 0x0000000705500000| Untracked 
|  58|0x0000000705600000, 0x0000000705600000, 0x0000000705700000|  0%| F|  |TAMS 0x0000000705600000, 0x0000000705600000| Untracked 
|  59|0x0000000705700000, 0x0000000705700000, 0x0000000705800000|  0%| F|  |TAMS 0x0000000705700000, 0x0000000705700000| Untracked 
|  60|0x0000000705800000, 0x0000000705800000, 0x0000000705900000|  0%| F|  |TAMS 0x0000000705800000, 0x0000000705800000| Untracked 
|  61|0x0000000705900000, 0x0000000705900000, 0x0000000705a00000|  0%| F|  |TAMS 0x0000000705900000, 0x0000000705900000| Untracked 
|  62|0x0000000705a00000, 0x0000000705a00000, 0x0000000705b00000|  0%| F|  |TAMS 0x0000000705a00000, 0x0000000705a00000| Untracked 
|  63|0x0000000705b00000, 0x0000000705b00000, 0x0000000705c00000|  0%| F|  |TAMS 0x0000000705b00000, 0x0000000705b00000| Untracked 
|  64|0x0000000705c00000, 0x0000000705c00000, 0x0000000705d00000|  0%| F|  |TAMS 0x0000000705c00000, 0x0000000705c00000| Untracked 
|  65|0x0000000705d00000, 0x0000000705d00000, 0x0000000705e00000|  0%| F|  |TAMS 0x0000000705d00000, 0x0000000705d00000| Untracked 
|  66|0x0000000705e00000, 0x0000000705e00000, 0x0000000705f00000|  0%| F|  |TAMS 0x0000000705e00000, 0x0000000705e00000| Untracked 
|  67|0x0000000705f00000, 0x0000000705f00000, 0x0000000706000000|  0%| F|  |TAMS 0x0000000705f00000, 0x0000000705f00000| Untracked 
|  68|0x0000000706000000, 0x0000000706000000, 0x0000000706100000|  0%| F|  |TAMS 0x0000000706000000, 0x0000000706000000| Untracked 
|  69|0x0000000706100000, 0x0000000706100000, 0x0000000706200000|  0%| F|  |TAMS 0x0000000706100000, 0x0000000706100000| Untracked 
|  70|0x0000000706200000, 0x0000000706200000, 0x0000000706300000|  0%| F|  |TAMS 0x0000000706200000, 0x0000000706200000| Untracked 
|  71|0x0000000706300000, 0x0000000706300000, 0x0000000706400000|  0%| F|  |TAMS 0x0000000706300000, 0x0000000706300000| Untracked 
|  72|0x0000000706400000, 0x0000000706400000, 0x0000000706500000|  0%| F|  |TAMS 0x0000000706400000, 0x0000000706400000| Untracked 
|  73|0x0000000706500000, 0x0000000706500000, 0x0000000706600000|  0%| F|  |TAMS 0x0000000706500000, 0x0000000706500000| Untracked 
|  74|0x0000000706600000, 0x0000000706600000, 0x0000000706700000|  0%| F|  |TAMS 0x0000000706600000, 0x0000000706600000| Untracked 
|  75|0x0000000706700000, 0x0000000706700000, 0x0000000706800000|  0%| F|  |TAMS 0x0000000706700000, 0x0000000706700000| Untracked 
|  76|0x0000000706800000, 0x0000000706800000, 0x0000000706900000|  0%| F|  |TAMS 0x0000000706800000, 0x0000000706800000| Untracked 
|  77|0x0000000706900000, 0x0000000706900000, 0x0000000706a00000|  0%| F|  |TAMS 0x0000000706900000, 0x0000000706900000| Untracked 
|  78|0x0000000706a00000, 0x0000000706a00000, 0x0000000706b00000|  0%| F|  |TAMS 0x0000000706a00000, 0x0000000706a00000| Untracked 
|  79|0x0000000706b00000, 0x0000000706b00000, 0x0000000706c00000|  0%| F|  |TAMS 0x0000000706b00000, 0x0000000706b00000| Untracked 
|  80|0x0000000706c00000, 0x0000000706c00000, 0x0000000706d00000|  0%| F|  |TAMS 0x0000000706c00000, 0x0000000706c00000| Untracked 
|  81|0x0000000706d00000, 0x0000000706d00000, 0x0000000706e00000|  0%| F|  |TAMS 0x0000000706d00000, 0x0000000706d00000| Untracked 
|  82|0x0000000706e00000, 0x0000000706e00000, 0x0000000706f00000|  0%| F|  |TAMS 0x0000000706e00000, 0x0000000706e00000| Untracked 
|  83|0x0000000706f00000, 0x0000000706f00000, 0x0000000707000000|  0%| F|  |TAMS 0x0000000706f00000, 0x0000000706f00000| Untracked 
|  84|0x0000000707000000, 0x0000000707000000, 0x0000000707100000|  0%| F|  |TAMS 0x0000000707000000, 0x0000000707000000| Untracked 
|  85|0x0000000707100000, 0x0000000707100000, 0x0000000707200000|  0%| F|  |TAMS 0x0000000707100000, 0x0000000707100000| Untracked 
|  86|0x0000000707200000, 0x0000000707200000, 0x0000000707300000|  0%| F|  |TAMS 0x0000000707200000, 0x0000000707200000| Untracked 
|  87|0x0000000707300000, 0x0000000707300000, 0x0000000707400000|  0%| F|  |TAMS 0x0000000707300000, 0x0000000707300000| Untracked 
|  88|0x0000000707400000, 0x0000000707400000, 0x0000000707500000|  0%| F|  |TAMS 0x0000000707400000, 0x0000000707400000| Untracked 
|  89|0x0000000707500000, 0x0000000707500000, 0x0000000707600000|  0%| F|  |TAMS 0x0000000707500000, 0x0000000707500000| Untracked 
|  90|0x0000000707600000, 0x0000000707600000, 0x0000000707700000|  0%| F|  |TAMS 0x0000000707600000, 0x0000000707600000| Untracked 
|  91|0x0000000707700000, 0x0000000707700000, 0x0000000707800000|  0%| F|  |TAMS 0x0000000707700000, 0x0000000707700000| Untracked 
|  92|0x0000000707800000, 0x0000000707800000, 0x0000000707900000|  0%| F|  |TAMS 0x0000000707800000, 0x0000000707800000| Untracked 
|  93|0x0000000707900000, 0x0000000707900000, 0x0000000707a00000|  0%| F|  |TAMS 0x0000000707900000, 0x0000000707900000| Untracked 
|  94|0x0000000707a00000, 0x0000000707a00000, 0x0000000707b00000|  0%| F|  |TAMS 0x0000000707a00000, 0x0000000707a00000| Untracked 
|  95|0x0000000707b00000, 0x0000000707b00000, 0x0000000707c00000|  0%| F|  |TAMS 0x0000000707b00000, 0x0000000707b00000| Untracked 
|  96|0x0000000707c00000, 0x0000000707c00000, 0x0000000707d00000|  0%| F|  |TAMS 0x0000000707c00000, 0x0000000707c00000| Untracked 
|  97|0x0000000707d00000, 0x0000000707d00000, 0x0000000707e00000|  0%| F|  |TAMS 0x0000000707d00000, 0x0000000707d00000| Untracked 
|  98|0x0000000707e00000, 0x0000000707e00000, 0x0000000707f00000|  0%| F|  |TAMS 0x0000000707e00000, 0x0000000707e00000| Untracked 
|  99|0x0000000707f00000, 0x0000000707f00000, 0x0000000708000000|  0%| F|  |TAMS 0x0000000707f00000, 0x0000000707f00000| Untracked 
| 100|0x0000000708000000, 0x0000000708000000, 0x0000000708100000|  0%| F|  |TAMS 0x0000000708000000, 0x0000000708000000| Untracked 
| 101|0x0000000708100000, 0x0000000708100000, 0x0000000708200000|  0%| F|  |TAMS 0x0000000708100000, 0x0000000708100000| Untracked 
| 102|0x0000000708200000, 0x0000000708200000, 0x0000000708300000|  0%| F|  |TAMS 0x0000000708200000, 0x0000000708200000| Untracked 
| 103|0x0000000708300000, 0x0000000708300000, 0x0000000708400000|  0%| F|  |TAMS 0x0000000708300000, 0x0000000708300000| Untracked 
| 104|0x0000000708400000, 0x0000000708400000, 0x0000000708500000|  0%| F|  |TAMS 0x0000000708400000, 0x0000000708400000| Untracked 
| 105|0x0000000708500000, 0x0000000708500000, 0x0000000708600000|  0%| F|  |TAMS 0x0000000708500000, 0x0000000708500000| Untracked 
| 106|0x0000000708600000, 0x0000000708600000, 0x0000000708700000|  0%| F|  |TAMS 0x0000000708600000, 0x0000000708600000| Untracked 
| 107|0x0000000708700000, 0x0000000708700000, 0x0000000708800000|  0%| F|  |TAMS 0x0000000708700000, 0x0000000708700000| Untracked 
| 108|0x0000000708800000, 0x0000000708800000, 0x0000000708900000|  0%| F|  |TAMS 0x0000000708800000, 0x0000000708800000| Untracked 
| 109|0x0000000708900000, 0x0000000708900000, 0x0000000708a00000|  0%| F|  |TAMS 0x0000000708900000, 0x0000000708900000| Untracked 
| 110|0x0000000708a00000, 0x0000000708a00000, 0x0000000708b00000|  0%| F|  |TAMS 0x0000000708a00000, 0x0000000708a00000| Untracked 
| 111|0x0000000708b00000, 0x0000000708b00000, 0x0000000708c00000|  0%| F|  |TAMS 0x0000000708b00000, 0x0000000708b00000| Untracked 
| 112|0x0000000708c00000, 0x0000000708c00000, 0x0000000708d00000|  0%| F|  |TAMS 0x0000000708c00000, 0x0000000708c00000| Untracked 
| 113|0x0000000708d00000, 0x0000000708d00000, 0x0000000708e00000|  0%| F|  |TAMS 0x0000000708d00000, 0x0000000708d00000| Untracked 
| 114|0x0000000708e00000, 0x0000000708e00000, 0x0000000708f00000|  0%| F|  |TAMS 0x0000000708e00000, 0x0000000708e00000| Untracked 
| 115|0x0000000708f00000, 0x0000000708f00000, 0x0000000709000000|  0%| F|  |TAMS 0x0000000708f00000, 0x0000000708f00000| Untracked 
| 116|0x0000000709000000, 0x0000000709000000, 0x0000000709100000|  0%| F|  |TAMS 0x0000000709000000, 0x0000000709000000| Untracked 
| 117|0x0000000709100000, 0x0000000709100000, 0x0000000709200000|  0%| F|  |TAMS 0x0000000709100000, 0x0000000709100000| Untracked 
| 118|0x0000000709200000, 0x0000000709200000, 0x0000000709300000|  0%| F|  |TAMS 0x0000000709200000, 0x0000000709200000| Untracked 
| 119|0x0000000709300000, 0x0000000709300000, 0x0000000709400000|  0%| F|  |TAMS 0x0000000709300000, 0x0000000709300000| Untracked 
| 120|0x0000000709400000, 0x0000000709400000, 0x0000000709500000|  0%| F|  |TAMS 0x0000000709400000, 0x0000000709400000| Untracked 
| 121|0x0000000709500000, 0x0000000709500000, 0x0000000709600000|  0%| F|  |TAMS 0x0000000709500000, 0x0000000709500000| Untracked 
| 122|0x0000000709600000, 0x0000000709600000, 0x0000000709700000|  0%| F|  |TAMS 0x0000000709600000, 0x0000000709600000| Untracked 
| 123|0x0000000709700000, 0x0000000709700000, 0x0000000709800000|  0%| F|  |TAMS 0x0000000709700000, 0x0000000709700000| Untracked 
| 124|0x0000000709800000, 0x0000000709800000, 0x0000000709900000|  0%| F|  |TAMS 0x0000000709800000, 0x0000000709800000| Untracked 
| 125|0x0000000709900000, 0x0000000709900000, 0x0000000709a00000|  0%| F|  |TAMS 0x0000000709900000, 0x0000000709900000| Untracked 
| 126|0x0000000709a00000, 0x0000000709a00000, 0x0000000709b00000|  0%| F|  |TAMS 0x0000000709a00000, 0x0000000709a00000| Untracked 
| 127|0x0000000709b00000, 0x0000000709b00000, 0x0000000709c00000|  0%| F|  |TAMS 0x0000000709b00000, 0x0000000709b00000| Untracked 
| 128|0x0000000709c00000, 0x0000000709c00000, 0x0000000709d00000|  0%| F|  |TAMS 0x0000000709c00000, 0x0000000709c00000| Untracked 
| 129|0x0000000709d00000, 0x0000000709d00000, 0x0000000709e00000|  0%| F|  |TAMS 0x0000000709d00000, 0x0000000709d00000| Untracked 
| 130|0x0000000709e00000, 0x0000000709e00000, 0x0000000709f00000|  0%| F|  |TAMS 0x0000000709e00000, 0x0000000709e00000| Untracked 
| 131|0x0000000709f00000, 0x0000000709f00000, 0x000000070a000000|  0%| F|  |TAMS 0x0000000709f00000, 0x0000000709f00000| Untracked 
| 132|0x000000070a000000, 0x000000070a000000, 0x000000070a100000|  0%| F|  |TAMS 0x000000070a000000, 0x000000070a000000| Untracked 
| 133|0x000000070a100000, 0x000000070a100000, 0x000000070a200000|  0%| F|  |TAMS 0x000000070a100000, 0x000000070a100000| Untracked 
| 134|0x000000070a200000, 0x000000070a200000, 0x000000070a300000|  0%| F|  |TAMS 0x000000070a200000, 0x000000070a200000| Untracked 
| 135|0x000000070a300000, 0x000000070a300000, 0x000000070a400000|  0%| F|  |TAMS 0x000000070a300000, 0x000000070a300000| Untracked 
| 136|0x000000070a400000, 0x000000070a400000, 0x000000070a500000|  0%| F|  |TAMS 0x000000070a400000, 0x000000070a400000| Untracked 
| 137|0x000000070a500000, 0x000000070a500000, 0x000000070a600000|  0%| F|  |TAMS 0x000000070a500000, 0x000000070a500000| Untracked 
| 138|0x000000070a600000, 0x000000070a600000, 0x000000070a700000|  0%| F|  |TAMS 0x000000070a600000, 0x000000070a600000| Untracked 
| 139|0x000000070a700000, 0x000000070a700000, 0x000000070a800000|  0%| F|  |TAMS 0x000000070a700000, 0x000000070a700000| Untracked 
| 140|0x000000070a800000, 0x000000070a800000, 0x000000070a900000|  0%| F|  |TAMS 0x000000070a800000, 0x000000070a800000| Untracked 
| 141|0x000000070a900000, 0x000000070a900000, 0x000000070aa00000|  0%| F|  |TAMS 0x000000070a900000, 0x000000070a900000| Untracked 
| 142|0x000000070aa00000, 0x000000070aa00000, 0x000000070ab00000|  0%| F|  |TAMS 0x000000070aa00000, 0x000000070aa00000| Untracked 
| 143|0x000000070ab00000, 0x000000070ab00000, 0x000000070ac00000|  0%| F|  |TAMS 0x000000070ab00000, 0x000000070ab00000| Untracked 
| 144|0x000000070ac00000, 0x000000070ac00000, 0x000000070ad00000|  0%| F|  |TAMS 0x000000070ac00000, 0x000000070ac00000| Untracked 
| 145|0x000000070ad00000, 0x000000070ad00000, 0x000000070ae00000|  0%| F|  |TAMS 0x000000070ad00000, 0x000000070ad00000| Untracked 
| 146|0x000000070ae00000, 0x000000070ae00000, 0x000000070af00000|  0%| F|  |TAMS 0x000000070ae00000, 0x000000070ae00000| Untracked 
| 147|0x000000070af00000, 0x000000070af00000, 0x000000070b000000|  0%| F|  |TAMS 0x000000070af00000, 0x000000070af00000| Untracked 
| 148|0x000000070b000000, 0x000000070b000000, 0x000000070b100000|  0%| F|  |TAMS 0x000000070b000000, 0x000000070b000000| Untracked 
| 149|0x000000070b100000, 0x000000070b100000, 0x000000070b200000|  0%| F|  |TAMS 0x000000070b100000, 0x000000070b100000| Untracked 
| 150|0x000000070b200000, 0x000000070b200000, 0x000000070b300000|  0%| F|  |TAMS 0x000000070b200000, 0x000000070b200000| Untracked 
| 151|0x000000070b300000, 0x000000070b300000, 0x000000070b400000|  0%| F|  |TAMS 0x000000070b300000, 0x000000070b300000| Untracked 
| 152|0x000000070b400000, 0x000000070b400000, 0x000000070b500000|  0%| F|  |TAMS 0x000000070b400000, 0x000000070b400000| Untracked 
| 153|0x000000070b500000, 0x000000070b500000, 0x000000070b600000|  0%| F|  |TAMS 0x000000070b500000, 0x000000070b500000| Untracked 
| 154|0x000000070b600000, 0x000000070b600000, 0x000000070b700000|  0%| F|  |TAMS 0x000000070b600000, 0x000000070b600000| Untracked 
| 155|0x000000070b700000, 0x000000070b700000, 0x000000070b800000|  0%| F|  |TAMS 0x000000070b700000, 0x000000070b700000| Untracked 
| 156|0x000000070b800000, 0x000000070b800000, 0x000000070b900000|  0%| F|  |TAMS 0x000000070b800000, 0x000000070b800000| Untracked 
| 157|0x000000070b900000, 0x000000070b900000, 0x000000070ba00000|  0%| F|  |TAMS 0x000000070b900000, 0x000000070b900000| Untracked 
| 158|0x000000070ba00000, 0x000000070ba00000, 0x000000070bb00000|  0%| F|  |TAMS 0x000000070ba00000, 0x000000070ba00000| Untracked 
| 159|0x000000070bb00000, 0x000000070bb00000, 0x000000070bc00000|  0%| F|  |TAMS 0x000000070bb00000, 0x000000070bb00000| Untracked 
| 160|0x000000070bc00000, 0x000000070bc00000, 0x000000070bd00000|  0%| F|  |TAMS 0x000000070bc00000, 0x000000070bc00000| Untracked 
| 161|0x000000070bd00000, 0x000000070bd00000, 0x000000070be00000|  0%| F|  |TAMS 0x000000070bd00000, 0x000000070bd00000| Untracked 
| 162|0x000000070be00000, 0x000000070be00000, 0x000000070bf00000|  0%| F|  |TAMS 0x000000070be00000, 0x000000070be00000| Untracked 
| 163|0x000000070bf00000, 0x000000070bf00000, 0x000000070c000000|  0%| F|  |TAMS 0x000000070bf00000, 0x000000070bf00000| Untracked 
| 164|0x000000070c000000, 0x000000070c000000, 0x000000070c100000|  0%| F|  |TAMS 0x000000070c000000, 0x000000070c000000| Untracked 
| 165|0x000000070c100000, 0x000000070c100000, 0x000000070c200000|  0%| F|  |TAMS 0x000000070c100000, 0x000000070c100000| Untracked 
| 166|0x000000070c200000, 0x000000070c200000, 0x000000070c300000|  0%| F|  |TAMS 0x000000070c200000, 0x000000070c200000| Untracked 
| 167|0x000000070c300000, 0x000000070c300000, 0x000000070c400000|  0%| F|  |TAMS 0x000000070c300000, 0x000000070c300000| Untracked 
| 168|0x000000070c400000, 0x000000070c400000, 0x000000070c500000|  0%| F|  |TAMS 0x000000070c400000, 0x000000070c400000| Untracked 
| 169|0x000000070c500000, 0x000000070c500000, 0x000000070c600000|  0%| F|  |TAMS 0x000000070c500000, 0x000000070c500000| Untracked 
| 170|0x000000070c600000, 0x000000070c600000, 0x000000070c700000|  0%| F|  |TAMS 0x000000070c600000, 0x000000070c600000| Untracked 
| 171|0x000000070c700000, 0x000000070c700000, 0x000000070c800000|  0%| F|  |TAMS 0x000000070c700000, 0x000000070c700000| Untracked 
| 172|0x000000070c800000, 0x000000070c800000, 0x000000070c900000|  0%| F|  |TAMS 0x000000070c800000, 0x000000070c800000| Untracked 
| 173|0x000000070c900000, 0x000000070c900000, 0x000000070ca00000|  0%| F|  |TAMS 0x000000070c900000, 0x000000070c900000| Untracked 
| 174|0x000000070ca00000, 0x000000070ca00000, 0x000000070cb00000|  0%| F|  |TAMS 0x000000070ca00000, 0x000000070ca00000| Untracked 
| 175|0x000000070cb00000, 0x000000070cb00000, 0x000000070cc00000|  0%| F|  |TAMS 0x000000070cb00000, 0x000000070cb00000| Untracked 
| 176|0x000000070cc00000, 0x000000070cc00000, 0x000000070cd00000|  0%| F|  |TAMS 0x000000070cc00000, 0x000000070cc00000| Untracked 
| 177|0x000000070cd00000, 0x000000070cd00000, 0x000000070ce00000|  0%| F|  |TAMS 0x000000070cd00000, 0x000000070cd00000| Untracked 
| 178|0x000000070ce00000, 0x000000070ce00000, 0x000000070cf00000|  0%| F|  |TAMS 0x000000070ce00000, 0x000000070ce00000| Untracked 
| 179|0x000000070cf00000, 0x000000070cf00000, 0x000000070d000000|  0%| F|  |TAMS 0x000000070cf00000, 0x000000070cf00000| Untracked 
| 180|0x000000070d000000, 0x000000070d000000, 0x000000070d100000|  0%| F|  |TAMS 0x000000070d000000, 0x000000070d000000| Untracked 
| 181|0x000000070d100000, 0x000000070d100000, 0x000000070d200000|  0%| F|  |TAMS 0x000000070d100000, 0x000000070d100000| Untracked 
| 182|0x000000070d200000, 0x000000070d200000, 0x000000070d300000|  0%| F|  |TAMS 0x000000070d200000, 0x000000070d200000| Untracked 
| 183|0x000000070d300000, 0x000000070d300000, 0x000000070d400000|  0%| F|  |TAMS 0x000000070d300000, 0x000000070d300000| Untracked 
| 184|0x000000070d400000, 0x000000070d400000, 0x000000070d500000|  0%| F|  |TAMS 0x000000070d400000, 0x000000070d400000| Untracked 
| 185|0x000000070d500000, 0x000000070d500000, 0x000000070d600000|  0%| F|  |TAMS 0x000000070d500000, 0x000000070d500000| Untracked 
| 186|0x000000070d600000, 0x000000070d600000, 0x000000070d700000|  0%| F|  |TAMS 0x000000070d600000, 0x000000070d600000| Untracked 
| 187|0x000000070d700000, 0x000000070d700000, 0x000000070d800000|  0%| F|  |TAMS 0x000000070d700000, 0x000000070d700000| Untracked 
| 188|0x000000070d800000, 0x000000070d800000, 0x000000070d900000|  0%| F|  |TAMS 0x000000070d800000, 0x000000070d800000| Untracked 
| 189|0x000000070d900000, 0x000000070d900000, 0x000000070da00000|  0%| F|  |TAMS 0x000000070d900000, 0x000000070d900000| Untracked 
| 190|0x000000070da00000, 0x000000070da00000, 0x000000070db00000|  0%| F|  |TAMS 0x000000070da00000, 0x000000070da00000| Untracked 
| 191|0x000000070db00000, 0x000000070db00000, 0x000000070dc00000|  0%| F|  |TAMS 0x000000070db00000, 0x000000070db00000| Untracked 
| 192|0x000000070dc00000, 0x000000070dc00000, 0x000000070dd00000|  0%| F|  |TAMS 0x000000070dc00000, 0x000000070dc00000| Untracked 
| 193|0x000000070dd00000, 0x000000070dd00000, 0x000000070de00000|  0%| F|  |TAMS 0x000000070dd00000, 0x000000070dd00000| Untracked 
| 194|0x000000070de00000, 0x000000070de00000, 0x000000070df00000|  0%| F|  |TAMS 0x000000070de00000, 0x000000070de00000| Untracked 
| 195|0x000000070df00000, 0x000000070df00000, 0x000000070e000000|  0%| F|  |TAMS 0x000000070df00000, 0x000000070df00000| Untracked 
| 196|0x000000070e000000, 0x000000070e000000, 0x000000070e100000|  0%| F|  |TAMS 0x000000070e000000, 0x000000070e000000| Untracked 
| 197|0x000000070e100000, 0x000000070e100000, 0x000000070e200000|  0%| F|  |TAMS 0x000000070e100000, 0x000000070e100000| Untracked 
| 198|0x000000070e200000, 0x000000070e200000, 0x000000070e300000|  0%| F|  |TAMS 0x000000070e200000, 0x000000070e200000| Untracked 
| 199|0x000000070e300000, 0x000000070e300000, 0x000000070e400000|  0%| F|  |TAMS 0x000000070e300000, 0x000000070e300000| Untracked 
| 200|0x000000070e400000, 0x000000070e400000, 0x000000070e500000|  0%| F|  |TAMS 0x000000070e400000, 0x000000070e400000| Untracked 
| 201|0x000000070e500000, 0x000000070e500000, 0x000000070e600000|  0%| F|  |TAMS 0x000000070e500000, 0x000000070e500000| Untracked 
| 202|0x000000070e600000, 0x000000070e600000, 0x000000070e700000|  0%| F|  |TAMS 0x000000070e600000, 0x000000070e600000| Untracked 
| 203|0x000000070e700000, 0x000000070e700000, 0x000000070e800000|  0%| F|  |TAMS 0x000000070e700000, 0x000000070e700000| Untracked 
| 204|0x000000070e800000, 0x000000070e800000, 0x000000070e900000|  0%| F|  |TAMS 0x000000070e800000, 0x000000070e800000| Untracked 
| 205|0x000000070e900000, 0x000000070e900000, 0x000000070ea00000|  0%| F|  |TAMS 0x000000070e900000, 0x000000070e900000| Untracked 
| 206|0x000000070ea00000, 0x000000070ea00000, 0x000000070eb00000|  0%| F|  |TAMS 0x000000070ea00000, 0x000000070ea00000| Untracked 
| 207|0x000000070eb00000, 0x000000070eb00000, 0x000000070ec00000|  0%| F|  |TAMS 0x000000070eb00000, 0x000000070eb00000| Untracked 
| 208|0x000000070ec00000, 0x000000070ec00000, 0x000000070ed00000|  0%| F|  |TAMS 0x000000070ec00000, 0x000000070ec00000| Untracked 
| 209|0x000000070ed00000, 0x000000070ed00000, 0x000000070ee00000|  0%| F|  |TAMS 0x000000070ed00000, 0x000000070ed00000| Untracked 
| 210|0x000000070ee00000, 0x000000070ee00000, 0x000000070ef00000|  0%| F|  |TAMS 0x000000070ee00000, 0x000000070ee00000| Untracked 
| 211|0x000000070ef00000, 0x000000070ef00000, 0x000000070f000000|  0%| F|  |TAMS 0x000000070ef00000, 0x000000070ef00000| Untracked 
| 212|0x000000070f000000, 0x000000070f000000, 0x000000070f100000|  0%| F|  |TAMS 0x000000070f000000, 0x000000070f000000| Untracked 
| 213|0x000000070f100000, 0x000000070f100000, 0x000000070f200000|  0%| F|  |TAMS 0x000000070f100000, 0x000000070f100000| Untracked 
| 214|0x000000070f200000, 0x000000070f200000, 0x000000070f300000|  0%| F|  |TAMS 0x000000070f200000, 0x000000070f200000| Untracked 
| 215|0x000000070f300000, 0x000000070f300000, 0x000000070f400000|  0%| F|  |TAMS 0x000000070f300000, 0x000000070f300000| Untracked 
| 216|0x000000070f400000, 0x000000070f400000, 0x000000070f500000|  0%| F|  |TAMS 0x000000070f400000, 0x000000070f400000| Untracked 
| 217|0x000000070f500000, 0x000000070f500000, 0x000000070f600000|  0%| F|  |TAMS 0x000000070f500000, 0x000000070f500000| Untracked 
| 218|0x000000070f600000, 0x000000070f600000, 0x000000070f700000|  0%| F|  |TAMS 0x000000070f600000, 0x000000070f600000| Untracked 
| 219|0x000000070f700000, 0x000000070f700000, 0x000000070f800000|  0%| F|  |TAMS 0x000000070f700000, 0x000000070f700000| Untracked 
| 220|0x000000070f800000, 0x000000070f800000, 0x000000070f900000|  0%| F|  |TAMS 0x000000070f800000, 0x000000070f800000| Untracked 
| 221|0x000000070f900000, 0x000000070f900000, 0x000000070fa00000|  0%| F|  |TAMS 0x000000070f900000, 0x000000070f900000| Untracked 
| 222|0x000000070fa00000, 0x000000070fa00000, 0x000000070fb00000|  0%| F|  |TAMS 0x000000070fa00000, 0x000000070fa00000| Untracked 
| 223|0x000000070fb00000, 0x000000070fb00000, 0x000000070fc00000|  0%| F|  |TAMS 0x000000070fb00000, 0x000000070fb00000| Untracked 
| 224|0x000000070fc00000, 0x000000070fc00000, 0x000000070fd00000|  0%| F|  |TAMS 0x000000070fc00000, 0x000000070fc00000| Untracked 
| 225|0x000000070fd00000, 0x000000070fd00000, 0x000000070fe00000|  0%| F|  |TAMS 0x000000070fd00000, 0x000000070fd00000| Untracked 
| 226|0x000000070fe00000, 0x000000070fe00000, 0x000000070ff00000|  0%| F|  |TAMS 0x000000070fe00000, 0x000000070fe00000| Untracked 
| 227|0x000000070ff00000, 0x000000070ff00000, 0x0000000710000000|  0%| F|  |TAMS 0x000000070ff00000, 0x000000070ff00000| Untracked 
| 228|0x0000000710000000, 0x0000000710000000, 0x0000000710100000|  0%| F|  |TAMS 0x0000000710000000, 0x0000000710000000| Untracked 
| 229|0x0000000710100000, 0x0000000710100000, 0x0000000710200000|  0%| F|  |TAMS 0x0000000710100000, 0x0000000710100000| Untracked 
| 230|0x0000000710200000, 0x0000000710200000, 0x0000000710300000|  0%| F|  |TAMS 0x0000000710200000, 0x0000000710200000| Untracked 
| 231|0x0000000710300000, 0x0000000710300000, 0x0000000710400000|  0%| F|  |TAMS 0x0000000710300000, 0x0000000710300000| Untracked 
| 232|0x0000000710400000, 0x0000000710400000, 0x0000000710500000|  0%| F|  |TAMS 0x0000000710400000, 0x0000000710400000| Untracked 
| 233|0x0000000710500000, 0x0000000710500000, 0x0000000710600000|  0%| F|  |TAMS 0x0000000710500000, 0x0000000710500000| Untracked 
| 234|0x0000000710600000, 0x0000000710600000, 0x0000000710700000|  0%| F|  |TAMS 0x0000000710600000, 0x0000000710600000| Untracked 
| 235|0x0000000710700000, 0x0000000710700000, 0x0000000710800000|  0%| F|  |TAMS 0x0000000710700000, 0x0000000710700000| Untracked 
| 236|0x0000000710800000, 0x0000000710800000, 0x0000000710900000|  0%| F|  |TAMS 0x0000000710800000, 0x0000000710800000| Untracked 
| 237|0x0000000710900000, 0x0000000710900000, 0x0000000710a00000|  0%| F|  |TAMS 0x0000000710900000, 0x0000000710900000| Untracked 
| 238|0x0000000710a00000, 0x0000000710a00000, 0x0000000710b00000|  0%| F|  |TAMS 0x0000000710a00000, 0x0000000710a00000| Untracked 
| 239|0x0000000710b00000, 0x0000000710b00000, 0x0000000710c00000|  0%| F|  |TAMS 0x0000000710b00000, 0x0000000710b00000| Untracked 
| 240|0x0000000710c00000, 0x0000000710c00000, 0x0000000710d00000|  0%| F|  |TAMS 0x0000000710c00000, 0x0000000710c00000| Untracked 
| 241|0x0000000710d00000, 0x0000000710d00000, 0x0000000710e00000|  0%| F|  |TAMS 0x0000000710d00000, 0x0000000710d00000| Untracked 
| 242|0x0000000710e00000, 0x0000000710e00000, 0x0000000710f00000|  0%| F|  |TAMS 0x0000000710e00000, 0x0000000710e00000| Untracked 
| 243|0x0000000710f00000, 0x0000000710f00000, 0x0000000711000000|  0%| F|  |TAMS 0x0000000710f00000, 0x0000000710f00000| Untracked 
| 244|0x0000000711000000, 0x0000000711000000, 0x0000000711100000|  0%| F|  |TAMS 0x0000000711000000, 0x0000000711000000| Untracked 
| 245|0x0000000711100000, 0x0000000711100000, 0x0000000711200000|  0%| F|  |TAMS 0x0000000711100000, 0x0000000711100000| Untracked 
| 246|0x0000000711200000, 0x0000000711200000, 0x0000000711300000|  0%| F|  |TAMS 0x0000000711200000, 0x0000000711200000| Untracked 
| 247|0x0000000711300000, 0x0000000711300000, 0x0000000711400000|  0%| F|  |TAMS 0x0000000711300000, 0x0000000711300000| Untracked 
| 248|0x0000000711400000, 0x0000000711400000, 0x0000000711500000|  0%| F|  |TAMS 0x0000000711400000, 0x0000000711400000| Untracked 
| 249|0x0000000711500000, 0x0000000711500000, 0x0000000711600000|  0%| F|  |TAMS 0x0000000711500000, 0x0000000711500000| Untracked 
| 250|0x0000000711600000, 0x0000000711600000, 0x0000000711700000|  0%| F|  |TAMS 0x0000000711600000, 0x0000000711600000| Untracked 
| 251|0x0000000711700000, 0x0000000711700000, 0x0000000711800000|  0%| F|  |TAMS 0x0000000711700000, 0x0000000711700000| Untracked 
| 252|0x0000000711800000, 0x0000000711800000, 0x0000000711900000|  0%| F|  |TAMS 0x0000000711800000, 0x0000000711800000| Untracked 
| 253|0x0000000711900000, 0x0000000711900000, 0x0000000711a00000|  0%| F|  |TAMS 0x0000000711900000, 0x0000000711900000| Untracked 
| 254|0x0000000711a00000, 0x0000000711a7b650, 0x0000000711b00000| 48%| E|  |TAMS 0x0000000711a00000, 0x0000000711a00000| Complete 
| 255|0x0000000711b00000, 0x0000000711c00000, 0x0000000711c00000|100%| E|CS|TAMS 0x0000000711b00000, 0x0000000711b00000| Complete 

Card table byte_map: [0x0000017db5950000,0x0000017db6150000] _byte_map_base: 0x0000017db2142000

Marking Bits (Prev, Next): (CMBitMap*) 0x0000017d9d87c1c8, (CMBitMap*) 0x0000017d9d87c208
 Prev Bits: [0x0000017db6950000, 0x0000017dba8e0000)
 Next Bits: [0x0000017dba8e0000, 0x0000017dbe870000)

Polling page: 0x0000017d9cfe0000

Metaspace:

Usage:
  Non-class:      4.07 MB capacity,   413.38 KB ( 10%) used,     3.66 MB ( 90%) free+waste,   192 bytes ( <1%) overhead. 
      Class:    390.00 KB capacity,    28.74 KB (  7%) used,   361.01 KB ( 93%) free+waste,   256 bytes ( <1%) overhead. 
       Both:      4.45 MB capacity,   442.13 KB ( 10%) used,     4.02 MB ( 90%) free+waste,   448 bytes ( <1%) overhead. 

Virtual space:
  Non-class space:        8.00 MB reserved,       4.25 MB ( 53%) committed 
      Class space:        1.00 GB reserved,     512.00 KB ( <1%) committed 
             Both:        1.01 GB reserved,       4.75 MB ( <1%) committed 

Chunk freelists:
   Non-Class:  60.00 KB
       Class:  0 bytes
        Both:  60.00 KB

MaxMetaspaceSize: 17179869184.00 GB
CompressedClassSpaceSize: 1.00 GB

CodeHeap 'non-profiled nmethods': size=120000Kb used=25Kb max_used=25Kb free=119974Kb
 bounds [0x0000017dad7e0000, 0x0000017dada50000, 0x0000017db4d10000]
CodeHeap 'profiled nmethods': size=120000Kb used=168Kb max_used=168Kb free=119831Kb
 bounds [0x0000017da62b0000, 0x0000017da6520000, 0x0000017dad7e0000]
CodeHeap 'non-nmethods': size=5760Kb used=1071Kb max_used=1084Kb free=4689Kb
 bounds [0x0000017da5d10000, 0x0000017da5f80000, 0x0000017da62b0000]
 total_blobs=711 nmethods=112 adapters=200
 compilation: enabled
              stopped_count=0, restarted_count=0
 full_count=0

Compilation events (20 events):
Event: 0.085 Thread 0x0000017dc1c9e800 nmethod 103 0x0000017dad7e5d10 code [0x0000017dad7e5ea0, 0x0000017dad7e5f88]
Event: 0.086 Thread 0x0000017dc1ca4000 nmethod 106 0x0000017da62d5c90 code [0x0000017da62d5ee0, 0x0000017da62d6b40]
Event: 0.086 Thread 0x0000017dc1ca4000   95       3       jdk.internal.misc.Unsafe::putReferenceRelease (9 bytes)
Event: 0.086 Thread 0x0000017dc1ca4000 nmethod 95 0x0000017da62d7090 code [0x0000017da62d7240, 0x0000017da62d7418]
Event: 0.086 Thread 0x0000017dc1ca4000  102       1       java.nio.Buffer::limit (5 bytes)
Event: 0.086 Thread 0x0000017dc1ca4000 nmethod 102 0x0000017dad7e6090 code [0x0000017dad7e6220, 0x0000017dad7e6358]
Event: 0.086 Thread 0x0000017dc1ca4000  105       3       java.util.concurrent.ConcurrentHashMap::setTabAt (20 bytes)
Event: 0.086 Thread 0x0000017dc1ca4000 nmethod 105 0x0000017da62d7490 code [0x0000017da62d7640, 0x0000017da62d7958]
Event: 0.086 Thread 0x0000017dc1ca4000  107       3       java.lang.Math::min (11 bytes)
Event: 0.086 Thread 0x0000017dc1ca4000 nmethod 107 0x0000017da62d7a10 code [0x0000017da62d7bc0, 0x0000017da62d7d58]
Event: 0.086 Thread 0x0000017dc1ca4000  108       3       java.io.WinNTFileSystem::isSlash (18 bytes)
Event: 0.086 Thread 0x0000017dc1ca4000 nmethod 108 0x0000017da62d7e10 code [0x0000017da62d7fc0, 0x0000017da62d81d8]
Event: 0.087 Thread 0x0000017dc1ca4000  109       3       java.lang.Math::max (11 bytes)
Event: 0.088 Thread 0x0000017dc1ca4000 nmethod 109 0x0000017da62d8290 code [0x0000017da62d8440, 0x0000017da62d85d8]
Event: 0.090 Thread 0x0000017dc1ca4000  110       1       java.util.zip.Inflater$InflaterZStreamRef::address (5 bytes)
Event: 0.090 Thread 0x0000017dc1ca4000 nmethod 110 0x0000017dad7e6410 code [0x0000017dad7e65a0, 0x0000017dad7e66d8]
Event: 0.139 Thread 0x0000017dc1ca4000  111       3       java.lang.String::indexOf (7 bytes)
Event: 0.139 Thread 0x0000017dc1ca4000 nmethod 111 0x0000017da62d8690 code [0x0000017da62d8860, 0x0000017da62d8be0]
Event: 0.139 Thread 0x0000017dc1ca4000  112       3       java.util.concurrent.ConcurrentHashMap::get (162 bytes)
Event: 0.140 Thread 0x0000017dc1ca4000 nmethod 112 0x0000017da62d8d10 code [0x0000017da62d8f60, 0x0000017da62d9d40]

GC Heap History (0 events):
No events

Deoptimization events (0 events):
No events

Classes unloaded (0 events):
No events

Classes redefined (0 events):
No events

Internal exceptions (0 events):
No events

Events (20 events):
Event: 0.086 loading class sun/net/www/protocol/file/FileURLConnection done
Event: 0.087 loading class sun/net/www/MessageHeader
Event: 0.087 loading class sun/net/www/MessageHeader done
Event: 0.087 loading class sun/net/www/protocol/jar/URLJarFile
Event: 0.087 loading class sun/net/www/protocol/jar/URLJarFile done
Event: 0.087 loading class sun/net/www/protocol/jar/URLJarFile$URLJarFileEntry
Event: 0.087 loading class sun/net/www/protocol/jar/URLJarFile$URLJarFileEntry done
Event: 0.087 loading class sun/net/www/protocol/jar/JarURLConnection$JarURLInputStream
Event: 0.088 loading class sun/net/www/protocol/jar/JarURLConnection$JarURLInputStream done
Event: 0.090 loading class java/io/FileOutputStream$1
Event: 0.090 loading class java/io/FileOutputStream$1 done
Event: 0.138 Loaded shared library C:\Users\Everton\AppData\Local\Temp\jSerialComm\1597527312042-jSerialComm.dll
Event: 0.138 loading class java/lang/IndexOutOfBoundsException
Event: 0.138 loading class java/lang/IndexOutOfBoundsException done
Event: 0.138 loading class com/fazecast/jSerialComm/SerialPortIOException
Event: 0.138 loading class com/fazecast/jSerialComm/SerialPortIOException done
Event: 0.139 loading class com/fazecast/jSerialComm/SerialPortTimeoutException
Event: 0.139 loading class com/fazecast/jSerialComm/SerialPortTimeoutException done
Event: 0.139 loading class java/io/InterruptedIOException
Event: 0.140 loading class java/io/InterruptedIOException done


Dynamic libraries:
0x00007ff771790000 - 0x00007ff77179f000 	C:\Program Files\Java\jdk-13.0.2\bin\javaw.exe
0x00007ffafeb40000 - 0x00007ffafed30000 	C:\WINDOWS\SYSTEM32\ntdll.dll
0x00007ffab8c30000 - 0x00007ffab8c42000 	C:\Program Files\AVAST Software\Avast\aswhook.dll
0x00007ffafdf80000 - 0x00007ffafe032000 	C:\WINDOWS\System32\KERNEL32.DLL
0x00007ffafc4b0000 - 0x00007ffafc754000 	C:\WINDOWS\System32\KERNELBASE.dll
0x00007ffafc7b0000 - 0x00007ffafc8aa000 	C:\WINDOWS\System32\ucrtbase.dll
0x00007ffaf24b0000 - 0x00007ffaf24c8000 	C:\Program Files\Java\jdk-13.0.2\bin\jli.dll
0x00007ffafd6a0000 - 0x00007ffafd743000 	C:\WINDOWS\System32\ADVAPI32.dll
0x00007ffafe040000 - 0x00007ffafe0de000 	C:\WINDOWS\System32\msvcrt.dll
0x00007ffafe150000 - 0x00007ffafe1e7000 	C:\WINDOWS\System32\sechost.dll
0x00007ffafd750000 - 0x00007ffafd870000 	C:\WINDOWS\System32\RPCRT4.dll
0x00007ffafe3f0000 - 0x00007ffafe585000 	C:\WINDOWS\System32\USER32.dll
0x00007ffafcbc0000 - 0x00007ffafcbe1000 	C:\WINDOWS\System32\win32u.dll
0x00007ffafe3c0000 - 0x00007ffafe3e6000 	C:\WINDOWS\System32\GDI32.dll
0x00007ffafca20000 - 0x00007ffafcbb6000 	C:\WINDOWS\System32\gdi32full.dll
0x00007ffafc8b0000 - 0x00007ffafc94e000 	C:\WINDOWS\System32\msvcp_win.dll
0x00007ffae94d0000 - 0x00007ffae94e5000 	C:\Program Files\Java\jdk-13.0.2\bin\VCRUNTIME140.dll
0x00007ffadee20000 - 0x00007ffadf0a4000 	C:\WINDOWS\WinSxS\amd64_microsoft.windows.common-controls_6595b64144ccf1df_6.0.18362.1016_none_9e7a36bbe461dae4\COMCTL32.dll
0x00007ffafe590000 - 0x00007ffafe8c5000 	C:\WINDOWS\System32\combase.dll
0x00007ffafc950000 - 0x00007ffafc9d0000 	C:\WINDOWS\System32\bcryptPrimitives.dll
0x00007ffaf08f0000 - 0x00007ffaf08fa000 	C:\WINDOWS\SYSTEM32\VERSION.dll
0x00007ffafd5a0000 - 0x00007ffafd5ce000 	C:\WINDOWS\System32\IMM32.DLL
0x00007ffae2510000 - 0x00007ffae25ab000 	C:\Program Files\Java\jdk-13.0.2\bin\msvcp140.dll
0x00007ffa90590000 - 0x00007ffa910ed000 	C:\Program Files\Java\jdk-13.0.2\bin\server\jvm.dll
0x00007ffafe270000 - 0x00007ffafe278000 	C:\WINDOWS\System32\PSAPI.DLL
0x00007ffae1f10000 - 0x00007ffae1f19000 	C:\WINDOWS\SYSTEM32\WSOCK32.dll
0x00007ffafe0e0000 - 0x00007ffafe14f000 	C:\WINDOWS\System32\WS2_32.dll
0x00007ffaf66b0000 - 0x00007ffaf66d4000 	C:\WINDOWS\SYSTEM32\WINMM.dll
0x00007ffaf6680000 - 0x00007ffaf66ad000 	C:\WINDOWS\SYSTEM32\WINMMBASE.dll
0x00007ffafc760000 - 0x00007ffafc7aa000 	C:\WINDOWS\System32\cfgmgr32.dll
0x00007ffafba50000 - 0x00007ffafba61000 	C:\WINDOWS\System32\kernel.appcore.dll
0x00007ffaf6860000 - 0x00007ffaf6870000 	C:\Program Files\Java\jdk-13.0.2\bin\verify.dll
0x00007ffaf7380000 - 0x00007ffaf7574000 	C:\WINDOWS\SYSTEM32\DBGHELP.DLL
0x00007ffaef2d0000 - 0x00007ffaef2fa000 	C:\WINDOWS\SYSTEM32\dbgcore.DLL
0x00007ffaf4fb0000 - 0x00007ffaf4fd6000 	C:\Program Files\Java\jdk-13.0.2\bin\java.dll
0x00007ffaf4f90000 - 0x00007ffaf4fa7000 	C:\Program Files\Java\jdk-13.0.2\bin\zip.dll
0x00007ffaf4f80000 - 0x00007ffaf4f8a000 	C:\Program Files\Java\jdk-13.0.2\bin\jimage.dll
0x00007ffafcbf0000 - 0x00007ffafd2d7000 	C:\WINDOWS\System32\SHELL32.dll
0x00007ffafd2e0000 - 0x00007ffafd389000 	C:\WINDOWS\System32\shcore.dll
0x00007ffafbbd0000 - 0x00007ffafc352000 	C:\WINDOWS\System32\windows.storage.dll
0x00007ffafba00000 - 0x00007ffafba23000 	C:\WINDOWS\System32\profapi.dll
0x00007ffafba70000 - 0x00007ffafbaba000 	C:\WINDOWS\System32\powrprof.dll
0x00007ffafb9f0000 - 0x00007ffafba00000 	C:\WINDOWS\System32\UMPDC.dll
0x00007ffafd390000 - 0x00007ffafd3e2000 	C:\WINDOWS\System32\shlwapi.dll
0x00007ffafca00000 - 0x00007ffafca17000 	C:\WINDOWS\System32\cryptsp.dll
0x00007ffaf4f60000 - 0x00007ffaf4f79000 	C:\Program Files\Java\jdk-13.0.2\bin\net.dll
0x00007ffae9ad0000 - 0x00007ffae9bc0000 	C:\WINDOWS\SYSTEM32\WINHTTP.dll
0x00007ffafb250000 - 0x00007ffafb2b7000 	C:\WINDOWS\system32\mswsock.dll
0x00007ffaf4f40000 - 0x00007ffaf4f53000 	C:\Program Files\Java\jdk-13.0.2\bin\nio.dll
0x00007ffae2660000 - 0x00007ffae2685000 	C:\Users\Everton\AppData\Local\Temp\jSerialComm\1597527312042-jSerialComm.dll
0x00007ffafdb00000 - 0x00007ffafdf70000 	C:\WINDOWS\System32\SETUPAPI.dll
0x00007ffafc9d0000 - 0x00007ffafc9f6000 	C:\WINDOWS\System32\bcrypt.dll

dbghelp: loaded successfully - version: 4.0.5 - missing functions: none
symbol engine: initialized successfully - sym options: 0x614 - pdb path: .;C:\Program Files\Java\jdk-13.0.2\bin;C:\WINDOWS\SYSTEM32;C:\Program Files\AVAST Software\Avast;C:\WINDOWS\WinSxS\amd64_microsoft.windows.common-controls_6595b64144ccf1df_6.0.18362.1016_none_9e7a36bbe461dae4;C:\Program Files\Java\jdk-13.0.2\bin\server;C:\Users\Everton\AppData\Local\Temp\jSerialComm

VM Arguments:
jvm_args: -Dfile.encoding=Cp1252 
java_command: teste2.Main
java_class_path (initial): H:\Eclipse\Repositorio\CardSys\target\classes;H:\Eclipse\Repositorio\CardSys\lib\jSerialComm-2.6.2.jar;H:\Eclipse\Repositorio\CardSys\lib\mariadb-java-client-2.6.0.jar;C:\Users\Everton\.m2\repository\mysql\mysql-connector-java\8.0.20\mysql-connector-java-8.0.20.jar;C:\Users\Everton\.m2\repository\com\google\protobuf\protobuf-java\3.6.1\protobuf-java-3.6.1.jar
Launcher Type: SUN_STANDARD

[Global flags]
     intx CICompilerCount                          = 4                                         {product} {ergonomic}
     uint ConcGCThreads                            = 2                                         {product} {ergonomic}
     uint G1ConcRefinementThreads                  = 8                                         {product} {ergonomic}
   size_t G1HeapRegionSize                         = 1048576                                   {product} {ergonomic}
    uintx GCDrainStackTargetSize                   = 64                                        {product} {ergonomic}
   size_t InitialHeapSize                          = 268435456                                 {product} {ergonomic}
   size_t MarkStackSize                            = 4194304                                   {product} {ergonomic}
   size_t MaxHeapSize                              = 4265607168                                {product} {ergonomic}
   size_t MaxNewSize                               = 2558525440                                {product} {ergonomic}
   size_t MinHeapDeltaBytes                        = 1048576                                   {product} {ergonomic}
   size_t MinHeapSize                              = 8388608                                   {product} {ergonomic}
    uintx NonNMethodCodeHeapSize                   = 5839372                                {pd product} {ergonomic}
    uintx NonProfiledCodeHeapSize                  = 122909434                              {pd product} {ergonomic}
    uintx ProfiledCodeHeapSize                     = 122909434                              {pd product} {ergonomic}
    uintx ReservedCodeCacheSize                    = 251658240                              {pd product} {ergonomic}
     bool SegmentedCodeCache                       = true                                      {product} {ergonomic}
   size_t SoftMaxHeapSize                          = 4265607168                             {manageable} {ergonomic}
     bool UseCompressedClassPointers               = true                                 {lp64_product} {ergonomic}
     bool UseCompressedOops                        = true                                 {lp64_product} {ergonomic}
     bool UseG1GC                                  = true                                      {product} {ergonomic}
     bool UseLargePagesIndividualAllocation        = false                                  {pd product} {ergonomic}

Logging:
Log output configuration:
 #0: stdout all=warning uptime,level,tags
 #1: stderr all=off uptime,level,tags

Environment Variables:
PATH=C:/Program Files/Java/jdk-13.0.2/bin/server;C:/Program Files/Java/jdk-13.0.2/bin;C:\Program Files (x86)\Common Files\Oracle\Java\javapath;C:\Windows\system32;C:\Windows;C:\Windows\System32\Wbem;C:\Windows\System32\WindowsPowerShell\v1.0\;C:\Windows\System32\OpenSSH\;C:\Program Files\NVIDIA Corporation\NVIDIA NvDLISR;C:\Program Files (x86)\NVIDIA Corporation\PhysX\Common;C:\WINDOWS\system32;C:\WINDOWS;C:\WINDOWS\System32\Wbem;C:\WINDOWS\System32\WindowsPowerShell\v1.0\;C:\WINDOWS\System32\OpenSSH\;C:\Program Files\Git\cmd;C:\Program Files\Intel\WiFi\bin\;C:\Program Files\Common Files\Intel\WirelessCommon\;C:\Users\Everton\AppData\Local\Microsoft\WindowsApps;C:\Program Files\Intel\WiFi\bin\;C:\Program Files\Common Files\Intel\WirelessCommon\;C:\WINDOWS\system32;
USERNAME=Everton
OS=Windows_NT
PROCESSOR_IDENTIFIER=Intel64 Family 6 Model 158 Stepping 9, GenuineIntel



---------------  S Y S T E M  ---------------

OS: Windows 10 , 64 bit Build 18362 (10.0.18362.959)

CPU:total 8 (initial active 8) (4 cores per cpu, 2 threads per core) family 6 model 158 stepping 9, cmov, cx8, fxsr, mmx, sse, sse2, sse3, ssse3, sse4.1, sse4.2, popcnt, avx, avx2, aes, clmul, erms, 3dnowpref, lzcnt, ht, tsc, tscinvbit, bmi1, bmi2, adx, fma

Memory: 4k page, system-wide physical 16267M (10906M free)
TotalPageFile size 18699M (AvailPageFile size 10851M)
current process WorkingSet (physical memory assigned to process): 32M, peak: 32M
current process commit charge ("private bytes"): 348M, peak: 348M

vm_info: Java HotSpot(TM) 64-Bit Server VM (13.0.2+8) for windows-amd64 JRE (13.0.2+8), built on Dec 11 2019 09:20:33 by "mach5one" with unknown MS VC++:1916

END.
